<?xml version="1.0" encoding="UTF-8"?>
<testsuite xmlns:xsi="http://www.w3.org/2001/XMLSchema-instance" xsi:noNamespaceSchemaLocation="https://maven.apache.org/surefire/maven-surefire-plugin/xsd/surefire-test-report.xsd" version="3.0.2" name="Project.springproject.SpringprojectApplicationTests" time="4.625" tests="1" errors="0" skipped="0" failures="0">
  <properties>
[...]
</properties>
  <testcase name="contextLoads" classname="Project.springproject.SpringprojectApplicationTests" time="1.252">
    <system-out><![CDATA[18:29:09.214 [main] INFO org.springframework.test.context.support.AnnotationConfigContextLoaderUtils -- Could not detect default configuration classes for test class [Project.springproject.SpringprojectApplicationTests]: SpringprojectApplicationTests does not declare any static, non-private, non-final, nested classes annotated with @Configuration.
18:29:09.430 [main] INFO org.springframework.boot.test.context.SpringBootTestContextBootstrapper -- Found @SpringBootConfiguration Project.springproject.SpringprojectApplication for test class Project.springproject.SpringprojectApplicationTests

  .   ____          _            __ _ _
 /\\ / ___'_ __ _ _(_)_ __  __ _ \ \ \ \
( ( )\___ | '_ | '_| | '_ \/ _` | \ \ \ \
 \\/  ___)| |_)| | | | | || (_| |  ) ) ) )
  '  |____| .__|_| |_|_| |_\__, | / / / /
 =========|_|==============|___/=/_/_/_/

 :: Spring Boot ::                (v3.4.2)

2025-02-10T18:29:10.111+05:30  INFO 4268 --- [springproject] [           main] P.s.SpringprojectApplicationTests        : Starting SpringprojectApplicationTests using Java 23.0.2 with PID 4268 (started by 09461497 in C:\Users\09461497\springproject\springproject)
2025-02-10T18:29:10.114+05:30  INFO 4268 --- [springproject] [           main] P.s.SpringprojectApplicationTests        : No active profile set, falling back to 1 default profile: "default"
2025-02-10T18:29:12.295+05:30  INFO 4268 --- [springproject] [           main] P.s.SpringprojectApplicationTests        : Started SpringprojectApplicationTests in 2.65 seconds (process running for 4.517)
]]></system-out>
    <system-err><![CDATA[Mockito is currently self-attaching to enable the inline-mock-maker. This will no longer work in future releases of the JDK. Please add Mockito as an agent to your build what is described in Mockito's documentation: https://javadoc.io/doc/org.mockito/mockito-core/latest/org/mockito/Mockito.html#0.3
WARNING: A Java agent has been loaded dynamically (C:\Users\09461497\.m2\repository\net\bytebuddy\byte-buddy-agent\1.15.11\byte-buddy-agent-1.15.11.jar)
WARNING: If a serviceability tool is in use, please run with -XX:+EnableDynamicAgentLoading to hide this warning
WARNING: If a serviceability tool is not in use, please run with -Djdk.instrument.traceUsage for more information
WARNING: Dynamic loading of agents will be disallowed by default in a future release
]]></system-err>
  </testcase>
</testsuite>